646037231
344601083
645911173
645550181
645305325
646295478
638470263
645922182
645574312
645601331
646002967
646102507
645593725
646167575
646158756
646158956
646336386
644952981
645621128
646172562
646093457
646381566
645745426
645869332
643456781
642985991
646024988
646017370
645564136
641485877
646224940
345736039
646231283
556570894
645660994
645605214
645461247
501977703
646121076
645909688
646320090
645559772
646020089
646025220
645827877
645926338
521572543
646123430
646350469
349476999
346601220
645491386
525306319
556435264
264394656
643819246
646279584
638233473
642790375
645601080
645816479
645644797
646199173
646348985
646336120
646169558
645829938
645250945
645502468
643705494
645371347
645518626
645603683
644915742
645689995
646044637
638482092
646180759
644299700
646251937
645315696
645419755
646067622
643456082
639024037
645931903
644162566
643134174
645741802
645756673
645614426
646399166
645481982
644026456
644723153
646189999
645639956
644226890
644016837
644615853
